::1 - - [30/Jul/2020:03:10:27 +0000] "GET /api/superuser/logfile HTTP/1.1" 200 31 "http://localhost:4200/api/superuser/logfile" "Mozilla/5.0 (Windows NT 10.0; Win64; x64) AppleWebKit/537.36 (KHTML, like Gecko) Chrome/84.0.4147.105 Safari/537.36"
::1 - - [30/Jul/2020:03:10:30 +0000] "GET /api/superuser/logfile HTTP/1.1" 200 297 "http://localhost:4200/api/superuser/logfile" "Mozilla/5.0 (Windows NT 10.0; Win64; x64) AppleWebKit/537.36 (KHTML, like Gecko) Chrome/84.0.4147.105 Safari/537.36"
::1 - - [30/Jul/2020:03:10:31 +0000] "GET /api/superuser HTTP/1.1" 304 - "http://localhost:4200/api/superuser/farmers" "Mozilla/5.0 (Windows NT 10.0; Win64; x64) AppleWebKit/537.36 (KHTML, like Gecko) Chrome/84.0.4147.105 Safari/537.36"
::1 - - [30/Jul/2020:03:10:32 +0000] "GET /api/superuser/logfile HTTP/1.1" 200 821 "http://localhost:4200/api/superuser/logfile" "Mozilla/5.0 (Windows NT 10.0; Win64; x64) AppleWebKit/537.36 (KHTML, like Gecko) Chrome/84.0.4147.105 Safari/537.36"
::1 - - [30/Jul/2020:03:10:35 +0000] "GET /api/superuser HTTP/1.1" 304 - "http://localhost:4200/api/superuser/farmers" "Mozilla/5.0 (Windows NT 10.0; Win64; x64) AppleWebKit/537.36 (KHTML, like Gecko) Chrome/84.0.4147.105 Safari/537.36"
::1 - - [30/Jul/2020:03:10:37 +0000] "GET /api/superuser/logfile HTTP/1.1" 200 1345 "http://localhost:4200/api/superuser/logfile" "Mozilla/5.0 (Windows NT 10.0; Win64; x64) AppleWebKit/537.36 (KHTML, like Gecko) Chrome/84.0.4147.105 Safari/537.36"
::1 - - [30/Jul/2020:03:10:52 +0000] "GET /api/superuser HTTP/1.1" 304 - "http://localhost:4200/api/superuser/farmers" "Mozilla/5.0 (Windows NT 10.0; Win64; x64) AppleWebKit/537.36 (KHTML, like Gecko) Chrome/84.0.4147.105 Safari/537.36"
::1 - - [30/Jul/2020:03:10:54 +0000] "GET /api/superuser/logfile HTTP/1.1" 200 1870 "http://localhost:4200/api/superuser/logfile" "Mozilla/5.0 (Windows NT 10.0; Win64; x64) AppleWebKit/537.36 (KHTML, like Gecko) Chrome/84.0.4147.105 Safari/537.36"
::1 - - [30/Jul/2020:03:11:31 +0000] "GET /api/superuser/logfile HTTP/1.1" 200 2138 "http://localhost:4200/api/superuser/logfile" "Mozilla/5.0 (Windows NT 10.0; Win64; x64) AppleWebKit/537.36 (KHTML, like Gecko) Chrome/84.0.4147.105 Safari/537.36"
::1 - - [30/Jul/2020:03:11:36 +0000] "GET /api/superuser/logfile HTTP/1.1" 200 2406 "http://localhost:4200/api/superuser/logfile" "Mozilla/5.0 (Windows NT 10.0; Win64; x64) AppleWebKit/537.36 (KHTML, like Gecko) Chrome/84.0.4147.105 Safari/537.36"
::1 - - [30/Jul/2020:03:11:42 +0000] "GET /api/superuser/logfile HTTP/1.1" 200 2674 "http://localhost:4200/api/superuser/logfile" "Mozilla/5.0 (Windows NT 10.0; Win64; x64) AppleWebKit/537.36 (KHTML, like Gecko) Chrome/84.0.4147.105 Safari/537.36"
::1 - - [30/Jul/2020:03:11:43 +0000] "GET /api/superuser/logfile HTTP/1.1" 200 2942 "http://localhost:4200/api/superuser/logfile" "Mozilla/5.0 (Windows NT 10.0; Win64; x64) AppleWebKit/537.36 (KHTML, like Gecko) Chrome/84.0.4147.105 Safari/537.36"
::1 - - [30/Jul/2020:03:11:45 +0000] "GET /api/superuser/logfile HTTP/1.1" 200 3210 "http://localhost:4200/api/superuser/logfile" "Mozilla/5.0 (Windows NT 10.0; Win64; x64) AppleWebKit/537.36 (KHTML, like Gecko) Chrome/84.0.4147.105 Safari/537.36"
::1 - - [30/Jul/2020:03:11:48 +0000] "GET /api/superuser/logfile HTTP/1.1" 200 3478 "http://localhost:4200/api/superuser/logfile" "Mozilla/5.0 (Windows NT 10.0; Win64; x64) AppleWebKit/537.36 (KHTML, like Gecko) Chrome/84.0.4147.105 Safari/537.36"
::1 - - [30/Jul/2020:03:11:50 +0000] "GET /api/superuser/logfile HTTP/1.1" 200 3746 "http://localhost:4200/api/superuser/logfile" "Mozilla/5.0 (Windows NT 10.0; Win64; x64) AppleWebKit/537.36 (KHTML, like Gecko) Chrome/84.0.4147.105 Safari/537.36"
::1 - - [30/Jul/2020:03:11:54 +0000] "GET /api/superuser/logfile HTTP/1.1" 200 4014 "http://localhost:4200/api/superuser/logfile" "Mozilla/5.0 (Windows NT 10.0; Win64; x64) AppleWebKit/537.36 (KHTML, like Gecko) Chrome/84.0.4147.105 Safari/537.36"
::1 - - [30/Jul/2020:03:11:55 +0000] "GET /api/superuser/logfile HTTP/1.1" 200 4282 "http://localhost:4200/api/superuser/logfile" "Mozilla/5.0 (Windows NT 10.0; Win64; x64) AppleWebKit/537.36 (KHTML, like Gecko) Chrome/84.0.4147.105 Safari/537.36"
::1 - - [30/Jul/2020:03:12:00 +0000] "GET /api/superuser/logfile HTTP/1.1" 200 4550 "http://localhost:4200/api/superuser/logfile" "Mozilla/5.0 (Windows NT 10.0; Win64; x64) AppleWebKit/537.36 (KHTML, like Gecko) Chrome/84.0.4147.105 Safari/537.36"
::1 - - [30/Jul/2020:03:12:03 +0000] "GET /api/superuser/logfile HTTP/1.1" 200 4818 "http://localhost:4200/api/superuser/logfile" "Mozilla/5.0 (Windows NT 10.0; Win64; x64) AppleWebKit/537.36 (KHTML, like Gecko) Chrome/84.0.4147.105 Safari/537.36"
::1 - - [30/Jul/2020:03:12:11 +0000] "GET /api/superuser/logfile HTTP/1.1" 200 5086 "http://localhost:4200/api/superuser/logfile" "Mozilla/5.0 (Windows NT 10.0; Win64; x64) AppleWebKit/537.36 (KHTML, like Gecko) Chrome/84.0.4147.105 Safari/537.36"
::1 - - [30/Jul/2020:03:12:30 +0000] "GET /api/superuser/logfile HTTP/1.1" 200 5354 "http://localhost:4200/api/superuser/logfile" "Mozilla/5.0 (Windows NT 10.0; Win64; x64) AppleWebKit/537.36 (KHTML, like Gecko) Chrome/84.0.4147.105 Safari/537.36"
::1 - - [30/Jul/2020:03:13:53 +0000] "GET /api/superuser/logfile HTTP/1.1" 200 5622 "http://localhost:4200/api/superuser/logfile" "Mozilla/5.0 (Windows NT 10.0; Win64; x64) AppleWebKit/537.36 (KHTML, like Gecko) Chrome/84.0.4147.105 Safari/537.36"
::1 - - [30/Jul/2020:03:14:01 +0000] "GET /api/superuser/logfile HTTP/1.1" 200 5890 "http://localhost:4200/api/superuser/logfile" "Mozilla/5.0 (Windows NT 10.0; Win64; x64) AppleWebKit/537.36 (KHTML, like Gecko) Chrome/84.0.4147.105 Safari/537.36"
::1 - - [30/Jul/2020:03:14:41 +0000] "GET /api/superuser/logfile HTTP/1.1" 200 6158 "http://localhost:4200/api/superuser/logfile" "Mozilla/5.0 (Windows NT 10.0; Win64; x64) AppleWebKit/537.36 (KHTML, like Gecko) Chrome/84.0.4147.105 Safari/537.36"
::1 - - [30/Jul/2020:03:14:45 +0000] "GET /api/superuser/logfile HTTP/1.1" 200 6426 "http://localhost:4200/api/superuser/logfile" "Mozilla/5.0 (Windows NT 10.0; Win64; x64) AppleWebKit/537.36 (KHTML, like Gecko) Chrome/84.0.4147.105 Safari/537.36"
::1 - - [30/Jul/2020:03:14:58 +0000] "GET /api/superuser/logfile HTTP/1.1" 200 6694 "http://localhost:4200/api/superuser/logfile" "Mozilla/5.0 (Windows NT 10.0; Win64; x64) AppleWebKit/537.36 (KHTML, like Gecko) Chrome/84.0.4147.105 Safari/537.36"
::1 - - [30/Jul/2020:03:15:14 +0000] "GET /api/superuser/logfile HTTP/1.1" 200 6962 "http://localhost:4200/api/superuser/logfile" "Mozilla/5.0 (Windows NT 10.0; Win64; x64) AppleWebKit/537.36 (KHTML, like Gecko) Chrome/84.0.4147.105 Safari/537.36"
::1 - - [30/Jul/2020:03:15:25 +0000] "GET /api/superuser/logfile HTTP/1.1" 200 7230 "http://localhost:4200/api/superuser/logfile" "Mozilla/5.0 (Windows NT 10.0; Win64; x64) AppleWebKit/537.36 (KHTML, like Gecko) Chrome/84.0.4147.105 Safari/537.36"
::1 - - [30/Jul/2020:03:15:28 +0000] "GET /api/superuser/logfile HTTP/1.1" 200 7498 "http://localhost:4200/api/superuser/logfile" "Mozilla/5.0 (Windows NT 10.0; Win64; x64) AppleWebKit/537.36 (KHTML, like Gecko) Chrome/84.0.4147.105 Safari/537.36"
::1 - - [30/Jul/2020:03:15:31 +0000] "GET /api/superuser/logfile HTTP/1.1" 200 7766 "http://localhost:4200/api/superuser/logfile" "Mozilla/5.0 (Windows NT 10.0; Win64; x64) AppleWebKit/537.36 (KHTML, like Gecko) Chrome/84.0.4147.105 Safari/537.36"
::1 - - [30/Jul/2020:03:15:35 +0000] "GET /api/superuser/logfile HTTP/1.1" 200 8034 "http://localhost:4200/api/superuser/logfile" "Mozilla/5.0 (Windows NT 10.0; Win64; x64) AppleWebKit/537.36 (KHTML, like Gecko) Chrome/84.0.4147.105 Safari/537.36"
::1 - - [30/Jul/2020:03:15:37 +0000] "GET /api/superuser/logfile HTTP/1.1" 200 8302 "http://localhost:4200/api/superuser/logfile" "Mozilla/5.0 (Windows NT 10.0; Win64; x64) AppleWebKit/537.36 (KHTML, like Gecko) Chrome/84.0.4147.105 Safari/537.36"
::1 - - [30/Jul/2020:03:16:16 +0000] "GET /api/superuser/logfile HTTP/1.1" 200 8570 "http://localhost:4200/api/superuser/logfile" "Mozilla/5.0 (Windows NT 10.0; Win64; x64) AppleWebKit/537.36 (KHTML, like Gecko) Chrome/84.0.4147.105 Safari/537.36"
::1 - - [30/Jul/2020:03:16:23 +0000] "GET /api/superuser/logfile HTTP/1.1" 200 8838 "http://localhost:4200/api/superuser/logfile" "Mozilla/5.0 (Windows NT 10.0; Win64; x64) AppleWebKit/537.36 (KHTML, like Gecko) Chrome/84.0.4147.105 Safari/537.36"
::1 - - [30/Jul/2020:03:16:29 +0000] "GET /api/superuser/logfile HTTP/1.1" 200 9106 "http://localhost:4200/api/superuser/logfile" "Mozilla/5.0 (Windows NT 10.0; Win64; x64) AppleWebKit/537.36 (KHTML, like Gecko) Chrome/84.0.4147.105 Safari/537.36"
::1 - - [30/Jul/2020:03:16:37 +0000] "GET /api/superuser/logfile HTTP/1.1" 200 9374 "http://localhost:4200/api/superuser/logfile" "Mozilla/5.0 (Windows NT 10.0; Win64; x64) AppleWebKit/537.36 (KHTML, like Gecko) Chrome/84.0.4147.105 Safari/537.36"
::1 - - [30/Jul/2020:03:16:41 +0000] "GET /api/superuser/logfile HTTP/1.1" 200 9642 "http://localhost:4200/api/superuser/logfile" "Mozilla/5.0 (Windows NT 10.0; Win64; x64) AppleWebKit/537.36 (KHTML, like Gecko) Chrome/84.0.4147.105 Safari/537.36"
::1 - - [30/Jul/2020:03:17:16 +0000] "GET /api/superuser/logfile HTTP/1.1" 200 9910 "http://localhost:4200/api/superuser/logfile" "Mozilla/5.0 (Windows NT 10.0; Win64; x64) AppleWebKit/537.36 (KHTML, like Gecko) Chrome/84.0.4147.105 Safari/537.36"
::1 - - [30/Jul/2020:03:17:39 +0000] "GET /api/superuser/logfile HTTP/1.1" 200 10178 "http://localhost:4200/api/superuser/logfile" "Mozilla/5.0 (Windows NT 10.0; Win64; x64) AppleWebKit/537.36 (KHTML, like Gecko) Chrome/84.0.4147.105 Safari/537.36"
::1 - - [30/Jul/2020:03:17:40 +0000] "GET /api/superuser HTTP/1.1" 304 - "http://localhost:4200/api/superuser/farmers" "Mozilla/5.0 (Windows NT 10.0; Win64; x64) AppleWebKit/537.36 (KHTML, like Gecko) Chrome/84.0.4147.105 Safari/537.36"
::1 - - [30/Jul/2020:03:17:42 +0000] "GET /api/superuser HTTP/1.1" 304 - "http://localhost:4200/api/superuser/customers" "Mozilla/5.0 (Windows NT 10.0; Win64; x64) AppleWebKit/537.36 (KHTML, like Gecko) Chrome/84.0.4147.105 Safari/537.36"
::1 - - [30/Jul/2020:03:18:02 +0000] "GET /api/superuser HTTP/1.1" 304 - "http://localhost:4200/api/superuser/customers" "Mozilla/5.0 (Windows NT 10.0; Win64; x64) AppleWebKit/537.36 (KHTML, like Gecko) Chrome/84.0.4147.105 Safari/537.36"
::1 - - [30/Jul/2020:03:18:05 +0000] "GET /api/superuser HTTP/1.1" 304 - "http://localhost:4200/api/superuser/customers" "Mozilla/5.0 (Windows NT 10.0; Win64; x64) AppleWebKit/537.36 (KHTML, like Gecko) Chrome/84.0.4147.105 Safari/537.36"
::1 - - [30/Jul/2020:03:18:08 +0000] "GET /api/superuser HTTP/1.1" 304 - "http://localhost:4200/api/superuser/customers" "Mozilla/5.0 (Windows NT 10.0; Win64; x64) AppleWebKit/537.36 (KHTML, like Gecko) Chrome/84.0.4147.105 Safari/537.36"
::1 - - [30/Jul/2020:03:18:15 +0000] "GET /api/superuser HTTP/1.1" 304 - "http://localhost:4200/api/superuser/customers" "Mozilla/5.0 (Windows NT 10.0; Win64; x64) AppleWebKit/537.36 (KHTML, like Gecko) Chrome/84.0.4147.105 Safari/537.36"
::1 - - [30/Jul/2020:03:18:20 +0000] "GET /api/superuser HTTP/1.1" 304 - "http://localhost:4200/api/superuser/customers" "Mozilla/5.0 (Windows NT 10.0; Win64; x64) AppleWebKit/537.36 (KHTML, like Gecko) Chrome/84.0.4147.105 Safari/537.36"
::1 - - [30/Jul/2020:03:18:23 +0000] "GET /api/superuser HTTP/1.1" 304 - "http://localhost:4200/api/superuser/customers" "Mozilla/5.0 (Windows NT 10.0; Win64; x64) AppleWebKit/537.36 (KHTML, like Gecko) Chrome/84.0.4147.105 Safari/537.36"
::1 - - [30/Jul/2020:03:18:28 +0000] "GET /api/superuser/logfile HTTP/1.1" 200 12517 "http://localhost:4200/api/superuser/logfile" "Mozilla/5.0 (Windows NT 10.0; Win64; x64) AppleWebKit/537.36 (KHTML, like Gecko) Chrome/84.0.4147.105 Safari/537.36"
::1 - - [30/Jul/2020:03:18:31 +0000] "GET /api/superuser/logfile HTTP/1.1" 200 12786 "http://localhost:4200/api/superuser/logfile" "Mozilla/5.0 (Windows NT 10.0; Win64; x64) AppleWebKit/537.36 (KHTML, like Gecko) Chrome/84.0.4147.105 Safari/537.36"
::1 - - [30/Jul/2020:03:18:32 +0000] "GET /api/superuser HTTP/1.1" 304 - "http://localhost:4200/api/superuser/customers" "Mozilla/5.0 (Windows NT 10.0; Win64; x64) AppleWebKit/537.36 (KHTML, like Gecko) Chrome/84.0.4147.105 Safari/537.36"
::1 - - [30/Jul/2020:03:19:07 +0000] "GET /api/superuser HTTP/1.1" 304 - "http://localhost:4200/api/superuser/customers" "Mozilla/5.0 (Windows NT 10.0; Win64; x64) AppleWebKit/537.36 (KHTML, like Gecko) Chrome/84.0.4147.105 Safari/537.36"
::1 - - [30/Jul/2020:03:19:08 +0000] "GET /api/superuser/logfile HTTP/1.1" 200 13573 "http://localhost:4200/api/superuser/logfile" "Mozilla/5.0 (Windows NT 10.0; Win64; x64) AppleWebKit/537.36 (KHTML, like Gecko) Chrome/84.0.4147.105 Safari/537.36"
::1 - - [30/Jul/2020:03:19:35 +0000] "GET /api/superuser/logfile HTTP/1.1" 200 13842 "http://localhost:4200/api/superuser/logfile" "Mozilla/5.0 (Windows NT 10.0; Win64; x64) AppleWebKit/537.36 (KHTML, like Gecko) Chrome/84.0.4147.105 Safari/537.36"
::1 - - [30/Jul/2020:03:19:43 +0000] "GET /api/superuser/logfile HTTP/1.1" 200 14111 "http://localhost:4200/api/superuser/logfile" "Mozilla/5.0 (Windows NT 10.0; Win64; x64) AppleWebKit/537.36 (KHTML, like Gecko) Chrome/84.0.4147.105 Safari/537.36"
::1 - - [30/Jul/2020:03:24:58 +0000] "GET /api/superuser/logfile HTTP/1.1" 200 14380 "http://localhost:4200/api/superuser/logfile" "Mozilla/5.0 (Windows NT 10.0; Win64; x64) AppleWebKit/537.36 (KHTML, like Gecko) Chrome/84.0.4147.105 Safari/537.36"
::1 - - [30/Jul/2020:03:25:11 +0000] "GET /api/superuser/logfile HTTP/1.1" 200 14649 "http://localhost:4200/api/superuser/logfile" "Mozilla/5.0 (Windows NT 10.0; Win64; x64) AppleWebKit/537.36 (KHTML, like Gecko) Chrome/84.0.4147.105 Safari/537.36"
::1 - - [30/Jul/2020:03:37:21 +0000] "GET /api/superuser/logfile HTTP/1.1" 200 14916 "http://localhost:4200/api/superuser/logfile" "Mozilla/5.0 (Windows NT 10.0; Win64; x64) AppleWebKit/537.36 (KHTML, like Gecko) Chrome/84.0.4147.105 Safari/537.36"
::1 - - [30/Jul/2020:03:38:15 +0000] "GET /api/superuser/logfile HTTP/1.1" 200 15185 "http://localhost:4200/api/superuser/logfile" "Mozilla/5.0 (Windows NT 10.0; Win64; x64) AppleWebKit/537.36 (KHTML, like Gecko) Chrome/84.0.4147.105 Safari/537.36"
::1 - - [30/Jul/2020:03:38:21 +0000] "GET /api/superuser/logfile HTTP/1.1" 200 15454 "http://localhost:4200/api/superuser/logfile" "Mozilla/5.0 (Windows NT 10.0; Win64; x64) AppleWebKit/537.36 (KHTML, like Gecko) Chrome/84.0.4147.105 Safari/537.36"
::1 - - [30/Jul/2020:03:38:24 +0000] "GET /api/superuser/logfile HTTP/1.1" 200 15723 "http://localhost:4200/api/superuser/logfile" "Mozilla/5.0 (Windows NT 10.0; Win64; x64) AppleWebKit/537.36 (KHTML, like Gecko) Chrome/84.0.4147.105 Safari/537.36"
::1 - - [30/Jul/2020:03:38:29 +0000] "GET /api/superuser/logfile HTTP/1.1" 200 15992 "http://localhost:4200/api/superuser/logfile" "Mozilla/5.0 (Windows NT 10.0; Win64; x64) AppleWebKit/537.36 (KHTML, like Gecko) Chrome/84.0.4147.105 Safari/537.36"
::1 - - [30/Jul/2020:03:38:39 +0000] "GET /api/superuser/logfile HTTP/1.1" 200 16261 "http://localhost:4200/api/superuser/logfile" "Mozilla/5.0 (Windows NT 10.0; Win64; x64) AppleWebKit/537.36 (KHTML, like Gecko) Chrome/84.0.4147.105 Safari/537.36"
::1 - - [30/Jul/2020:03:38:52 +0000] "GET /api/superuser/logfile HTTP/1.1" 200 16530 "http://localhost:4200/api/superuser/logfile" "Mozilla/5.0 (Windows NT 10.0; Win64; x64) AppleWebKit/537.36 (KHTML, like Gecko) Chrome/84.0.4147.105 Safari/537.36"
::1 - - [30/Jul/2020:03:39:05 +0000] "GET /api/superuser/logfile HTTP/1.1" 200 16799 "http://localhost:4200/api/superuser/logfile" "Mozilla/5.0 (Windows NT 10.0; Win64; x64) AppleWebKit/537.36 (KHTML, like Gecko) Chrome/84.0.4147.105 Safari/537.36"
::1 - - [30/Jul/2020:03:39:24 +0000] "GET /api/superuser HTTP/1.1" 304 - "http://localhost:4200/api/superuser/farmers" "Mozilla/5.0 (Windows NT 10.0; Win64; x64) AppleWebKit/537.36 (KHTML, like Gecko) Chrome/84.0.4147.105 Safari/537.36"
::1 - - [30/Jul/2020:03:39:30 +0000] "GET /api/superuser HTTP/1.1" 304 - "http://localhost:4200/api/superuser/farmers" "Mozilla/5.0 (Windows NT 10.0; Win64; x64) AppleWebKit/537.36 (KHTML, like Gecko) Chrome/84.0.4147.105 Safari/537.36"
::1 - - [30/Jul/2020:03:39:33 +0000] "GET /api/superuser/logfile HTTP/1.1" 200 17582 "http://localhost:4200/api/superuser/logfile" "Mozilla/5.0 (Windows NT 10.0; Win64; x64) AppleWebKit/537.36 (KHTML, like Gecko) Chrome/84.0.4147.105 Safari/537.36"
::1 - - [30/Jul/2020:03:39:57 +0000] "GET /api/superuser/logfile HTTP/1.1" 200 17851 "http://localhost:4200/api/superuser/logfile" "Mozilla/5.0 (Windows NT 10.0; Win64; x64) AppleWebKit/537.36 (KHTML, like Gecko) Chrome/84.0.4147.105 Safari/537.36"
::1 - - [30/Jul/2020:03:40:29 +0000] "GET /api/superuser/logfile HTTP/1.1" 200 18120 "http://localhost:4200/api/superuser/logfile" "Mozilla/5.0 (Windows NT 10.0; Win64; x64) AppleWebKit/537.36 (KHTML, like Gecko) Chrome/84.0.4147.105 Safari/537.36"
::1 - - [30/Jul/2020:03:40:36 +0000] "GET /api/superuser/logfile HTTP/1.1" 200 18389 "http://localhost:4200/api/superuser/logfile" "Mozilla/5.0 (Windows NT 10.0; Win64; x64) AppleWebKit/537.36 (KHTML, like Gecko) Chrome/84.0.4147.105 Safari/537.36"
::1 - - [30/Jul/2020:03:41:14 +0000] "GET /api/superuser/logfile HTTP/1.1" 200 18658 "http://localhost:4200/api/superuser/logfile" "Mozilla/5.0 (Windows NT 10.0; Win64; x64) AppleWebKit/537.36 (KHTML, like Gecko) Chrome/84.0.4147.105 Safari/537.36"
::1 - - [30/Jul/2020:03:41:55 +0000] "GET /api/superuser/logfile HTTP/1.1" 200 18929 "http://localhost:4200/api/superuser/logfile" "Mozilla/5.0 (Windows NT 10.0; Win64; x64) AppleWebKit/537.36 (KHTML, like Gecko) Chrome/84.0.4147.105 Safari/537.36"
::1 - - [30/Jul/2020:03:42:15 +0000] "GET /api/superuser/logfile HTTP/1.1" 200 19198 "http://localhost:4200/api/superuser/logfile" "Mozilla/5.0 (Windows NT 10.0; Win64; x64) AppleWebKit/537.36 (KHTML, like Gecko) Chrome/84.0.4147.105 Safari/537.36"
::1 - - [30/Jul/2020:03:42:50 +0000] "GET /api/superuser/logfile HTTP/1.1" 200 19467 "http://localhost:4200/api/superuser/logfile" "Mozilla/5.0 (Windows NT 10.0; Win64; x64) AppleWebKit/537.36 (KHTML, like Gecko) Chrome/84.0.4147.105 Safari/537.36"
::1 - - [30/Jul/2020:03:42:55 +0000] "GET /api/superuser/logfile HTTP/1.1" 200 19736 "http://localhost:4200/api/superuser/logfile" "Mozilla/5.0 (Windows NT 10.0; Win64; x64) AppleWebKit/537.36 (KHTML, like Gecko) Chrome/84.0.4147.105 Safari/537.36"
::1 - - [30/Jul/2020:03:43:18 +0000] "GET /api/superuser/logfile HTTP/1.1" 200 20005 "http://localhost:4200/api/superuser/logfile" "Mozilla/5.0 (Windows NT 10.0; Win64; x64) AppleWebKit/537.36 (KHTML, like Gecko) Chrome/84.0.4147.105 Safari/537.36"
::1 - - [30/Jul/2020:03:43:29 +0000] "GET /api/superuser/logfile HTTP/1.1" 200 20274 "http://localhost:4200/api/superuser/logfile" "Mozilla/5.0 (Windows NT 10.0; Win64; x64) AppleWebKit/537.36 (KHTML, like Gecko) Chrome/84.0.4147.105 Safari/537.36"
::1 - - [30/Jul/2020:03:51:01 +0000] "GET /api/superuser/logfile HTTP/1.1" 200 733 "http://localhost:4200/api/superuser/logfile" "Mozilla/5.0 (Windows NT 10.0; Win64; x64) AppleWebKit/537.36 (KHTML, like Gecko) Chrome/84.0.4147.105 Safari/537.36"
::1 - - [30/Jul/2020:03:51:46 +0000] "GET /api/superuser/logfile HTTP/1.1" 304 - "http://localhost:4200/api/superuser/logfile" "Mozilla/5.0 (Windows NT 10.0; Win64; x64) AppleWebKit/537.36 (KHTML, like Gecko) Chrome/84.0.4147.105 Safari/537.36"
::1 - - [30/Jul/2020:03:51:58 +0000] "GET /api/superuser/logfile HTTP/1.1" 304 - "http://localhost:4200/api/superuser/logfile" "Mozilla/5.0 (Windows NT 10.0; Win64; x64) AppleWebKit/537.36 (KHTML, like Gecko) Chrome/84.0.4147.105 Safari/537.36"
::1 - - [30/Jul/2020:03:52:10 +0000] "GET /api/superuser/logfile HTTP/1.1" 304 - "http://localhost:4200/api/superuser/logfile" "Mozilla/5.0 (Windows NT 10.0; Win64; x64) AppleWebKit/537.36 (KHTML, like Gecko) Chrome/84.0.4147.105 Safari/537.36"
::1 - - [30/Jul/2020:03:52:46 +0000] "GET /api/superuser/logfile HTTP/1.1" 200 21605 "http://localhost:4200/api/superuser/logfile" "Mozilla/5.0 (Windows NT 10.0; Win64; x64) AppleWebKit/537.36 (KHTML, like Gecko) Chrome/84.0.4147.105 Safari/537.36"
::1 - - [30/Jul/2020:03:53:14 +0000] "GET /api/superuser/logfile HTTP/1.1" 200 21546 "http://localhost:4200/api/superuser/logfile" "Mozilla/5.0 (Windows NT 10.0; Win64; x64) AppleWebKit/537.36 (KHTML, like Gecko) Chrome/84.0.4147.105 Safari/537.36"
::1 - - [30/Jul/2020:03:54:07 +0000] "GET /api/superuser/logfile HTTP/1.1" 200 21728 "http://localhost:4200/api/superuser/logfile" "Mozilla/5.0 (Windows NT 10.0; Win64; x64) AppleWebKit/537.36 (KHTML, like Gecko) Chrome/84.0.4147.105 Safari/537.36"
::1 - - [30/Jul/2020:03:54:26 +0000] "GET /api/superuser/logfile HTTP/1.1" 200 21992 "http://localhost:4200/api/superuser/logfile" "Mozilla/5.0 (Windows NT 10.0; Win64; x64) AppleWebKit/537.36 (KHTML, like Gecko) Chrome/84.0.4147.105 Safari/537.36"
::1 - - [30/Jul/2020:03:54:30 +0000] "GET /api/superuser/logfile HTTP/1.1" 200 22256 "http://localhost:4200/api/superuser/logfile" "Mozilla/5.0 (Windows NT 10.0; Win64; x64) AppleWebKit/537.36 (KHTML, like Gecko) Chrome/84.0.4147.105 Safari/537.36"
::1 - - [30/Jul/2020:03:54:54 +0000] "GET /api/superuser/logfile HTTP/1.1" 200 22520 "http://localhost:4200/api/superuser/logfile" "Mozilla/5.0 (Windows NT 10.0; Win64; x64) AppleWebKit/537.36 (KHTML, like Gecko) Chrome/84.0.4147.105 Safari/537.36"
::1 - - [30/Jul/2020:03:56:44 +0000] "GET /api/superuser/logfile HTTP/1.1" 200 22784 "http://localhost:4200/api/superuser/logfile" "Mozilla/5.0 (Windows NT 10.0; Win64; x64) AppleWebKit/537.36 (KHTML, like Gecko) Chrome/84.0.4147.105 Safari/537.36"
::1 - - [30/Jul/2020:03:57:15 +0000] "POST /api/farmer/signin HTTP/1.1" 200 215 "http://localhost:4200/" "Mozilla/5.0 (Windows NT 10.0; Win64; x64) AppleWebKit/537.36 (KHTML, like Gecko) Chrome/84.0.4147.105 Safari/537.36"
::1 - - [30/Jul/2020:03:57:15 +0000] "GET /api/superuser HTTP/1.1" 304 - "http://localhost:4200/api/superuser/farmers" "Mozilla/5.0 (Windows NT 10.0; Win64; x64) AppleWebKit/537.36 (KHTML, like Gecko) Chrome/84.0.4147.105 Safari/537.36"
::1 - - [30/Jul/2020:03:57:17 +0000] "GET /api/superuser/logfile HTTP/1.1" 200 23538 "http://localhost:4200/api/superuser/logfile" "Mozilla/5.0 (Windows NT 10.0; Win64; x64) AppleWebKit/537.36 (KHTML, like Gecko) Chrome/84.0.4147.105 Safari/537.36"
::1 - - [30/Jul/2020:03:57:58 +0000] "GET /api/superuser/logfile HTTP/1.1" 200 23802 "http://localhost:4200/api/superuser/logfile" "Mozilla/5.0 (Windows NT 10.0; Win64; x64) AppleWebKit/537.36 (KHTML, like Gecko) Chrome/84.0.4147.105 Safari/537.36"
::1 - - [30/Jul/2020:03:58:16 +0000] "GET /api/superuser/logfile HTTP/1.1" 200 24066 "http://localhost:4200/api/superuser/logfile" "Mozilla/5.0 (Windows NT 10.0; Win64; x64) AppleWebKit/537.36 (KHTML, like Gecko) Chrome/84.0.4147.105 Safari/537.36"
::1 - - [30/Jul/2020:03:58:21 +0000] "GET /api/superuser/logfile HTTP/1.1" 200 24330 "http://localhost:4200/api/superuser/logfile" "Mozilla/5.0 (Windows NT 10.0; Win64; x64) AppleWebKit/537.36 (KHTML, like Gecko) Chrome/84.0.4147.105 Safari/537.36"
::1 - - [30/Jul/2020:03:58:57 +0000] "GET /api/superuser/logfile HTTP/1.1" 200 24863 "http://localhost:4200/api/superuser/logfile" "Mozilla/5.0 (Windows NT 10.0; Win64; x64) AppleWebKit/537.36 (KHTML, like Gecko) Chrome/84.0.4147.105 Safari/537.36"
::1 - - [30/Jul/2020:03:59:44 +0000] "GET /api/superuser/logfile HTTP/1.1" 200 25127 "http://localhost:4200/api/superuser/logfile" "Mozilla/5.0 (Windows NT 10.0; Win64; x64) AppleWebKit/537.36 (KHTML, like Gecko) Chrome/84.0.4147.105 Safari/537.36"
::1 - - [30/Jul/2020:04:00:09 +0000] "GET /api/superuser/logfile HTTP/1.1" 200 25391 "http://localhost:4200/api/superuser/logfile" "Mozilla/5.0 (Windows NT 10.0; Win64; x64) AppleWebKit/537.36 (KHTML, like Gecko) Chrome/84.0.4147.105 Safari/537.36"
::1 - - [30/Jul/2020:04:00:36 +0000] "GET /api/superuser/logfile HTTP/1.1" 200 25386 "http://localhost:4200/api/superuser/logfile" "Mozilla/5.0 (Windows NT 10.0; Win64; x64) AppleWebKit/537.36 (KHTML, like Gecko) Chrome/84.0.4147.105 Safari/537.36"
